<?xml version="1.0" encoding="UTF-8"?>
<!-- Generated by org.testng.reporters.JUnitReportReporter -->
<testsuite hostname="LAPTOP-2DNF4VQJ" failures="0" tests="1" name="RahulShetty.SumValidation" time="2.171" errors="0" timestamp="2023-08-29T11:11:59 IST" skipped="0">
  <testcase classname="RahulShetty.SumValidation" name="sumofCourseprice" time="2.171"/>
</testsuite> <!-- RahulShetty.SumValidation -->
